<?xml version="1.0" encoding="UTF-8"?>
<!-- Generated by org.testng.reporters.JUnitReportReporter -->
<testsuite hostname="Nirmala" failures="0" tests="1" name="com.tyss.TestScripts.OrganisationIndustryTypeTest" time="19.232" errors="0" timestamp="2022-09-17T15:43:35 IST" skipped="0">
  <testcase classname="com.tyss.TestScripts.OrganisationIndustryTypeTest" name="CreateOrganisation" time="19.232"/>
  <system-out>
    <![CDATA[CreateOrganizationWithIndustryAndTypeTest is pass]]>
  </system-out>
</testsuite> <!-- com.tyss.TestScripts.OrganisationIndustryTypeTest -->
