<?xml version="1.0" encoding="UTF-8"?>
<!-- Generated by org.testng.reporters.JUnitReportReporter -->
<testsuite hostname="Nirmala" failures="0" tests="1" name="com.tyss.TestScripts.CreateOrganisationTest" time="17.849" errors="0" timestamp="2022-09-17T15:43:35 IST" skipped="0">
  <testcase classname="com.tyss.TestScripts.CreateOrganisationTest" name="CreateOrganisation" time="17.849"/>
  <system-out/>
</testsuite> <!-- com.tyss.TestScripts.CreateOrganisationTest -->
