<?xml version="1.0" encoding="UTF-8"?>
<!-- Generated by org.testng.reporters.JUnitReportReporter -->
<testsuite hostname="Nirmala" failures="0" tests="2" name="DataProvider.DataProviderSampleTest" time="0.011" errors="0" timestamp="2022-08-17T11:32:41 IST" skipped="0">
  <testcase classname="DataProvider.DataProviderSampleTest" name="amazon" time="0.009"/>
  <system-out/>
  <testcase classname="DataProvider.DataProviderSampleTest" name="amazon" time="0.002"/>
  <system-out/>
</testsuite> <!-- DataProvider.DataProviderSampleTest -->
