<?xml version="1.0" encoding="UTF-8"?>
<!-- Generated by org.testng.reporters.JUnitReportReporter -->
<testsuite hostname="Nirmala" failures="0" tests="3" name="DataProvider.SampleTestTest" time="0.012" errors="0" timestamp="2022-08-16T14:29:13 IST" skipped="0">
  <testcase classname="DataProvider.SampleTestTest" name="cat" time="0.010"/>
  <system-out/>
  <testcase classname="DataProvider.SampleTestTest" name="cow" time="0.001"/>
  <system-out/>
  <testcase classname="DataProvider.SampleTestTest" name="dog" time="0.001"/>
  <system-out/>
</testsuite> <!-- DataProvider.SampleTestTest -->
