<?xml version="1.0" encoding="UTF-8"?>
<!-- Generated by org.testng.reporters.JUnitReportReporter -->
<testsuite hostname="Nirmala" failures="0" tests="1" name="com.tyss.ContactTestScripts.CreateContactPageTest" time="11.845" errors="0" timestamp="2022-09-21T14:49:47 IST" skipped="0">
  <testcase classname="com.tyss.ContactTestScripts.CreateContactPageTest" name="CreateContactPageTest" time="11.845"/>
  <system-out/>
</testsuite> <!-- com.tyss.ContactTestScripts.CreateContactPageTest -->
