<?xml version="1.0" encoding="UTF-8"?>
<!-- Generated by org.testng.reporters.JUnitReportReporter -->
<testsuite hostname="Nirmala" failures="0" tests="1" name="com.tyss.ContactTestScripts.CreateContactPageTest" time="15.967" errors="0" timestamp="2022-09-17T15:43:35 IST" skipped="0">
  <testcase classname="com.tyss.ContactTestScripts.CreateContactPageTest" name="CreateContactPageTest" time="15.967"/>
  <system-out/>
</testsuite> <!-- com.tyss.ContactTestScripts.CreateContactPageTest -->
