<?xml version="1.0" encoding="UTF-8"?>
<!-- Generated by org.testng.reporters.JUnitReportReporter -->
<testsuite hostname="Nirmala" failures="0" tests="1" name="com.tyss.TestScripts.OrganisationIndustryTypeTest" time="22.562" errors="0" timestamp="2022-09-21T16:36:46 IST" skipped="0">
  <testcase classname="com.tyss.TestScripts.OrganisationIndustryTypeTest" name="CreateOrganisation" time="22.562"/>
  <system-out>
    <![CDATA[CreateOrganizationWithIndustryAndTypeTest is pass]]>
  </system-out>
</testsuite> <!-- com.tyss.TestScripts.OrganisationIndustryTypeTest -->
