<?xml version="1.0" encoding="UTF-8"?>
<!-- Generated by org.testng.reporters.JUnitReportReporter -->
<testsuite hostname="Nirmala" failures="0" tests="1" name="com.tyss.TestScripts.Demo" time="0.008" errors="0" timestamp="2022-08-05T19:12:57 IST" skipped="0">
  <testcase classname="com.tyss.TestScripts.Demo" name="sample" time="0.008"/>
  <system-out>
    <![CDATA[hello]]>
  </system-out>
</testsuite> <!-- com.tyss.TestScripts.Demo -->
